2018-07-29 12:55:18  [ main:0 ] - [ INFO ]  testGetAccount 结果: {"code":"70001","location":null}
2018-07-29 13:00:57  [ main:0 ] - [ INFO ]  testGetAccount 结果: {"code":"70001","location":null}
2018-07-29 13:06:09  [ main:0 ] - [ INFO ]  testGetAccount 结果: {"code":"70001","location":null}
2018-07-29 13:12:35  [ main:0 ] - [ INFO ]  testGetAccount 结果: {"code":"70001","location":null}
2018-07-29 13:15:39  [ main:0 ] - [ INFO ]  testGetAccount 结果: {"code":"70001","location":null}
2018-07-29 13:15:57  [ main:0 ] - [ INFO ]  testGetAccount 结果: {"code":"70001","location":null}
2018-07-29 13:30:15  [ main:0 ] - [ INFO ]  testGetAccount 结果: {"code":"70003","location":null}
2018-07-29 17:07:48  [ main:0 ] - [ INFO ]  testGetAccount 结果: <!DOCTYPE html>
<html>
<head>
<meta charset="utf-8" />
<title>HTTP Error 403</title>
<style>

</style>
<script>
var error_403 = '';
if(error_403 == '') {
	error_403 = 'Request denied';
}
</script>
</head>
<body>

<h1>HTTP Error 403</h1>
<span class="r-tip01"><script>document.write(error_403);</script></span>

<hr>
<p> 223.72.60.14/1987415 [80042] </p>
<p> 2018-07-29 17:07:47 </p>
</body>
</html>

2018-07-29 17:08:59  [ main:0 ] - [ INFO ]  testGetAccount 结果: <!DOCTYPE html>
<html>
<head>
<meta charset="utf-8" />
<title>HTTP Error 403</title>
<style>

</style>
<script>
var error_403 = '';
if(error_403 == '') {
	error_403 = 'Request denied';
}
</script>
</head>
<body>

<h1>HTTP Error 403</h1>
<span class="r-tip01"><script>document.write(error_403);</script></span>

<hr>
<p> 223.72.60.14/1987415 [80042] </p>
<p> 2018-07-29 17:08:57 </p>
</body>
</html>

2018-07-29 17:21:53  [ main:0 ] - [ INFO ]  testGetAccount 结果: {"code":"70003","location":null}
2018-07-29 17:48:24  [ main:1 ] - [ INFO ]  testGetAccount 结果: []
2018-07-29 17:49:14  [ main:0 ] - [ INFO ]  testGetAccount 结果: []
2018-07-29 17:50:28  [ main:0 ] - [ INFO ]  testGetAccount 结果: []
2018-07-29 17:50:43  [ main:0 ] - [ INFO ]  testGetAccount 结果: []
2018-07-29 17:51:58  [ main:0 ] - [ INFO ]  testGetAccount 结果: {"code":"70003","location":null}
2018-07-29 17:52:23  [ main:0 ] - [ INFO ]  testGetAccount 结果: []
2018-07-29 17:55:44  [ main:0 ] - [ INFO ]  testGetAccount 结果: {"code":"70003","location":null}
2018-07-29 19:53:23  [ main:0 ] - [ INFO ]  testGetAccount 结果: []
2018-07-29 19:56:06  [ main:0 ] - [ INFO ]  testGetAccount 结果: []
2018-07-29 19:57:34  [ main:0 ] - [ INFO ]  testGetAccount 结果: []
2018-07-29 20:00:32  [ main:0 ] - [ INFO ]  testGetAccount 结果: {"code":"70003","location":null}
2018-07-29 20:01:30  [ main:0 ] - [ INFO ]  testGetAccount 结果: {"code":"70003","location":null}
2018-07-29 20:02:04  [ main:0 ] - [ INFO ]  testGetAccount 结果: []
2018-07-29 20:11:28  [ main:0 ] - [ INFO ]  testGetAccount 结果: []
2018-07-29 20:15:52  [ main:0 ] - [ INFO ]  testGetAccount 结果: 
2018-07-29 20:25:25  [ main:0 ] - [ INFO ]  testGetAccount 结果: []
2018-07-29 20:28:07  [ main:0 ] - [ INFO ]  testGetAccount 结果: []
2018-07-29 20:29:54  [ main:0 ] - [ INFO ]  testGetAccount 结果: []
2018-07-29 20:33:24  [ main:0 ] - [ INFO ]  testGetAccount 结果: {"code":"70003","location":null}
2018-07-29 20:36:54  [ main:0 ] - [ INFO ]  testGetAccount 结果: {"code":"70003","location":null}
